<?xml version="1.0" encoding="UTF-8"?>
<robot generator="Robot 7.2.2 (Python 3.13.2 on win32)" generated="2025-04-03T20:45:18.109077" rpa="false" schemaversion="5">
<suite id="s1" name="Login Test1" source="C:\Users\sreev\PycharmProjects\RobotFrameworkTest\Tests\API_Testing\Login_Test1.robot">
<test id="s1-t1" name="List All Projects" line="15">
<kw name="Login with valid credentials">
<kw name="Create Session" owner="RequestsLibrary">
<msg time="2025-04-03T20:45:18.381903" level="INFO">Creating Session using : alias=mysession, url=http://99.79.54.41:3456, headers={},                     cookies={}, auth=None, timeout=None, proxies=None, verify=False,                     debug=0 </msg>
<arg>mysession</arg>
<arg>${base-url}</arg>
<doc>Create Session: create a HTTP session to a server</doc>
<status status="PASS" start="2025-04-03T20:45:18.381785" elapsed="0.000259"/>
</kw>
<kw name="Create Dictionary" owner="BuiltIn">
<msg time="2025-04-03T20:45:18.382380" level="INFO">${body} = {'username': 'sree', 'password': 'T3st12345'}</msg>
<var>${body}</var>
<arg>username=${user_name}</arg>
<arg>password=${valid_password}</arg>
<doc>Creates and returns a dictionary based on the given ``items``.</doc>
<status status="PASS" start="2025-04-03T20:45:18.382148" elapsed="0.000251"/>
</kw>
<kw name="Evaluate" owner="BuiltIn">
<msg time="2025-04-03T20:45:18.382651" level="INFO">${body_json} = {"username": "sree", "password": "T3st12345"}</msg>
<var>${body_json}</var>
<arg>json.dumps(${body})</arg>
<arg>json</arg>
<doc>Evaluates the given expression in Python and returns the result.</doc>
<status status="PASS" start="2025-04-03T20:45:18.382465" elapsed="0.000202"/>
</kw>
<kw name="Log" owner="BuiltIn">
<msg time="2025-04-03T20:45:18.382843" level="INFO">Request Body: {"username": "sree", "password": "T3st12345"}</msg>
<arg>Request Body: ${body_json}</arg>
<arg>console=True</arg>
<doc>Logs the given message with the given level.</doc>
<status status="PASS" start="2025-04-03T20:45:18.382726" elapsed="0.000278"/>
</kw>
<kw name="Create Dictionary" owner="BuiltIn">
<msg time="2025-04-03T20:45:18.383164" level="INFO">${header} = {'Content-Type': 'application/json'}</msg>
<var>${header}</var>
<arg>Content-Type=application/json</arg>
<doc>Creates and returns a dictionary based on the given ``items``.</doc>
<status status="PASS" start="2025-04-03T20:45:18.383071" elapsed="0.000110"/>
</kw>
<kw name="Log" owner="BuiltIn">
<msg time="2025-04-03T20:45:18.383348" level="INFO">Request Headers: {'Content-Type': 'application/json'}</msg>
<arg>Request Headers: ${header}</arg>
<arg>console=True</arg>
<doc>Logs the given message with the given level.</doc>
<status status="PASS" start="2025-04-03T20:45:18.383242" elapsed="0.000261"/>
</kw>
<kw name="POST On Session" owner="RequestsLibrary">
<msg time="2025-04-03T20:45:18.635532" level="INFO">POST Request : url=http://99.79.54.41:3456/api/v1/login 
 path_url=/api/v1/login 
 headers={'User-Agent': 'python-requests/2.32.3', 'Accept-Encoding': 'gzip, deflate', 'Accept': '*/*', 'Connection': 'keep-alive', 'Content-Type': 'application/json', 'Content-Length': '45'} 
 body={"username": "sree", "password": "T3st12345"} 
 </msg>
<msg time="2025-04-03T20:45:18.635699" level="INFO">POST Response : url=http://99.79.54.41:3456/api/v1/login 
 status=200, reason=OK 
 headers={'Content-Type': 'application/json', 'X-Ratelimit-Limit': '10', 'X-Ratelimit-Remaining': '9', 'X-Ratelimit-Reset': '1743727577', 'Date': 'Fri, 04 Apr 2025 00:45:18 GMT', 'Content-Length': '274'} 
 body={"token":"eyJhbGciOiJIUzI1NiIsInR5cCI6IkpXVCJ9.eyJlbWFpbCI6IiIsImVtYWlsUmVtaW5kZXJzRW5hYmxlZCI6ZmFsc2UsImV4cCI6MTc0Mzk4NjcxOCwiaWQiOjEsImlzTG9jYWxVc2VyIjp0cnVlLCJsb25nIjpmYWxzZSwibmFtZSI6IiIsInR5cGUiOjEsInVzZXJuYW1lIjoic3JlZSJ9._4VJ1KaayIv1Ad_V0v4VMOlySAdV2-zCHgPA7bapM9Q"}
 
 </msg>
<msg time="2025-04-03T20:45:18.636017" level="INFO">${response} = &lt;Response [200]&gt;</msg>
<var>${response}</var>
<arg>mysession</arg>
<arg>${Login_endpoint}</arg>
<arg>data=${body_json}</arg>
<arg>headers=${header}</arg>
<doc>Sends a POST request on a previously created HTTP Session.</doc>
<status status="PASS" start="2025-04-03T20:45:18.383563" elapsed="0.252513"/>
</kw>
<kw name="Log" owner="BuiltIn">
<msg time="2025-04-03T20:45:18.637529" level="INFO">Response Status Code: 200</msg>
<arg>Response Status Code: ${response.status_code}</arg>
<arg>console=True</arg>
<doc>Logs the given message with the given level.</doc>
<status status="PASS" start="2025-04-03T20:45:18.636391" elapsed="0.001668"/>
</kw>
<kw name="Log" owner="BuiltIn">
<msg time="2025-04-03T20:45:18.639364" level="INFO">Response Body: {"token":"eyJhbGciOiJIUzI1NiIsInR5cCI6IkpXVCJ9.eyJlbWFpbCI6IiIsImVtYWlsUmVtaW5kZXJzRW5hYmxlZCI6ZmFsc2UsImV4cCI6MTc0Mzk4NjcxOCwiaWQiOjEsImlzTG9jYWxVc2VyIjp0cnVlLCJsb25nIjpmYWxzZSwibmFtZSI6IiIsInR5cGUiOjEsInVzZXJuYW1lIjoic3JlZSJ9._4VJ1KaayIv1Ad_V0v4VMOlySAdV2-zCHgPA7bapM9Q"}
</msg>
<arg>Response Body: ${response.content}</arg>
<arg>console=True</arg>
<doc>Logs the given message with the given level.</doc>
<status status="PASS" start="2025-04-03T20:45:18.638333" elapsed="0.001664"/>
</kw>
<kw name="Should Be Equal As Strings" owner="BuiltIn">
<msg time="2025-04-03T20:45:18.641195" level="INFO">Argument types are:
&lt;class 'int'&gt;
&lt;class 'str'&gt;</msg>
<arg>${response.status_code}</arg>
<arg>200</arg>
<doc>Fails if objects are unequal after converting them to strings.</doc>
<status status="PASS" start="2025-04-03T20:45:18.640290" elapsed="0.001043"/>
</kw>
<kw name="Get From Dictionary" owner="Collections">
<msg time="2025-04-03T20:45:18.642515" level="INFO">${Token} = eyJhbGciOiJIUzI1NiIsInR5cCI6IkpXVCJ9.eyJlbWFpbCI6IiIsImVtYWlsUmVtaW5kZXJzRW5hYmxlZCI6ZmFsc2UsImV4cCI6MTc0Mzk4NjcxOCwiaWQiOjEsImlzTG9jYWxVc2VyIjp0cnVlLCJsb25nIjpmYWxzZSwibmFtZSI6IiIsInR5cGUiOjEsInVzZXJ...</msg>
<var>${Token}</var>
<arg>${response.json()}</arg>
<arg>token</arg>
<doc>Returns a value from the given ``dictionary`` based on the given ``key``.</doc>
<status status="PASS" start="2025-04-03T20:45:18.641541" elapsed="0.001035"/>
</kw>
<kw name="Log" owner="BuiltIn">
<msg time="2025-04-03T20:45:18.643034" level="INFO">eyJhbGciOiJIUzI1NiIsInR5cCI6IkpXVCJ9.eyJlbWFpbCI6IiIsImVtYWlsUmVtaW5kZXJzRW5hYmxlZCI6ZmFsc2UsImV4cCI6MTc0Mzk4NjcxOCwiaWQiOjEsImlzTG9jYWxVc2VyIjp0cnVlLCJsb25nIjpmYWxzZSwibmFtZSI6IiIsInR5cGUiOjEsInVzZXJuYW1lIjoic3JlZSJ9._4VJ1KaayIv1Ad_V0v4VMOlySAdV2-zCHgPA7bapM9Q</msg>
<arg>${Token}</arg>
<arg>console=True</arg>
<doc>Logs the given message with the given level.</doc>
<status status="PASS" start="2025-04-03T20:45:18.642772" elapsed="0.000828"/>
</kw>
<kw name="Set Suite Variable" owner="BuiltIn">
<msg time="2025-04-03T20:45:18.644192" level="INFO">${Token} = eyJhbGciOiJIUzI1NiIsInR5cCI6IkpXVCJ9.eyJlbWFpbCI6IiIsImVtYWlsUmVtaW5kZXJzRW5hYmxlZCI6ZmFsc2UsImV4cCI6MTc0Mzk4NjcxOCwiaWQiOjEsImlzTG9jYWxVc2VyIjp0cnVlLCJsb25nIjpmYWxzZSwibmFtZSI6IiIsInR5cGUiOjEsInVzZXJ...</msg>
<arg>${Token}</arg>
<doc>Makes a variable available everywhere within the scope of the current suite.</doc>
<status status="PASS" start="2025-04-03T20:45:18.643914" elapsed="0.000326"/>
</kw>
<doc>Test to validate login</doc>
<status status="PASS" start="2025-04-03T20:45:18.381401" elapsed="0.262910"/>
</kw>
<kw name="Verify all Projects user has access to">
<kw name="Create Session" owner="RequestsLibrary">
<msg time="2025-04-03T20:45:18.645592" level="INFO">Creating Session using : alias=my_session, url=http://99.79.54.41:3456, headers={},                     cookies={}, auth=None, timeout=None, proxies=None, verify=False,                     debug=0 </msg>
<arg>my_session</arg>
<arg>${base-url}</arg>
<doc>Create Session: create a HTTP session to a server</doc>
<status status="PASS" start="2025-04-03T20:45:18.645448" elapsed="0.000384"/>
</kw>
<kw name="Create Dictionary" owner="BuiltIn">
<msg time="2025-04-03T20:45:18.646228" level="INFO">${header} = {'Authorization': 'Bearer eyJhbGciOiJIUzI1NiIsInR5cCI6IkpXVCJ9.eyJlbWFpbCI6IiIsImVtYWlsUmVtaW5kZXJzRW5hYmxlZCI6ZmFsc2UsImV4cCI6MTc0Mzk4NjcxOCwiaWQiOjEsImlzTG9jYWxVc2VyIjp0cnVlLCJsb25nIjpmYWxzZSwibmFtZ...</msg>
<var>${header}</var>
<arg>Authorization=Bearer ${Token}</arg>
<doc>Creates and returns a dictionary based on the given ``items``.</doc>
<status status="PASS" start="2025-04-03T20:45:18.645990" elapsed="0.000442"/>
</kw>
<kw name="GET On Session" owner="RequestsLibrary">
<msg time="2025-04-03T20:45:18.758324" level="INFO">GET Request : url=http://99.79.54.41:3456/api/v1/projects 
 path_url=/api/v1/projects 
 headers={'User-Agent': 'python-requests/2.32.3', 'Accept-Encoding': 'gzip, deflate', 'Accept': '*/*', 'Connection': 'keep-alive', 'Authorization': 'Bearer eyJhbGciOiJIUzI1NiIsInR5cCI6IkpXVCJ9.eyJlbWFpbCI6IiIsImVtYWlsUmVtaW5kZXJzRW5hYmxlZCI6ZmFsc2UsImV4cCI6MTc0Mzk4NjcxOCwiaWQiOjEsImlzTG9jYWxVc2VyIjp0cnVlLCJsb25nIjpmYWxzZSwibmFtZSI6IiIsInR5cGUiOjEsInVzZXJuYW1lIjoic3JlZSJ9._4VJ1KaayIv1Ad_V0v4VMOlySAdV2-zCHgPA7bapM9Q'} 
 body=None 
 </msg>
<msg time="2025-04-03T20:45:18.758431" level="INFO">GET Response : url=http://99.79.54.41:3456/api/v1/projects 
 status=200, reason=OK 
 headers={'Access-Control-Expose-Headers': 'x-pagination-total-pages, x-pagination-result-count', 'Content-Type': 'application/json', 'X-Pagination-Result-Count': '15', 'X-Pagination-Total-Pages': '1', 'Date': 'Fri, 04 Apr 2025 00:45:18 GMT', 'Transfer-Encoding': 'chunked'} 
 body=[{"id":1,"title":"Inbox","description":"","identifier":"","hex_color":"","parent_project_id":0,"owner":{"id":1,"name":"","username":"sree","created":"2025-02-20T20:36:48Z","updated":"2025-02-20T20:36:48Z"},"is_archived":false,"background_information":null,"background_blur_hash":"","is_favorite":false,"position":65536,"views":[{"id":1,"title":"List","project_id":1,"view_kind":"list","filter":"done = false","position":100,"bucket_configuration_mode":"none","bucket_configuration":null,"default_bucket_id":0,"done_bucket_id":0,"updated":"2025-02-20T20:36:48Z","created":"2025-02-20T20:36:48Z"},{"id":2,"title":"Gantt","project_id":1,"view_kind":"gantt","filter":"","position":200,"bucket_configuration_mode":"none","bucket_configuration":null,"default_bucket_id":0,"done_bucket_id":0,"updated":"2025-02-20T20:36:48Z","created":"2025-02-20T20:36:48Z"},{"id":3,"title":"Table","project_id":1,"view_kind":"table","filter":"","position":300,"bucket_configuration_mode":"none","bucket_configuration":null,"default_bucket_id":0,"done_bucket_id":0,"updated":"2025-02-20T20:36:48Z","created":"2025-02-20T20:36:48Z"},{"id":4,"title":"Kanban","project_id":1,"view_kind":"kanban","filter":"","position":400,"bucket_configuration_mode":"manual","bucket_configuration":null,"default_bucket_id":0,"done_bucket_id":0,"updated":"2025-02-20T20:36:48Z","created":"2025-02-20T20:36:48Z"}],"created":"2025-02-20T20:36:48Z","updated":"2025-03-27T22:09:17Z"},{"id":6,"title":"a","description":"","identifier":"","hex_color":"1973ff","parent_project_id":0,"owner":{"id":1,"name":"","username":"sree","created":"2025-02-20T20:36:48Z","updated":"2025-02-20T20:36:48Z"},"is_archived":false,"background_information":null,"background_blur_hash":"","is_favorite":false,"position":393216,"views":[{"id":25,"title":"List","project_id":6,"view_kind":"list","filter":"done = false","position":100,"bucket_configuration_mode":"none","bucket_configuration":null,"default_bucket_id":0,"done_bucket_id":0,"updated":"2025-02-23T19:18:41Z","created":"2025-02-23T19:18:41Z"},{"id":26,"title":"Gantt","project_id":6,"view_kind":"gantt","filter":"","position":200,"bucket_configuration_mode":"none","bucket_configuration":null,"default_bucket_id":0,"done_bucket_id":0,"updated":"2025-02-23T19:18:41Z","created":"2025-02-23T19:18:41Z"},{"id":27,"title":"Table","project_id":6,"view_kind":"table","filter":"","position":300,"bucket_configuration_mode":"none","bucket_configuration":null,"default_bucket_id":0,"done_bucket_id":0,"updated":"2025-02-23T19:18:41Z","created":"2025-02-23T19:18:41Z"},{"id":28,"title":"Kanban","project_id":6,"view_kind":"kanban","filter":"","position":400,"bucket_configuration_mode":"manual","bucket_configuration":null,"default_bucket_id":0,"done_bucket_id":0,"updated":"2025-02-23T19:18:41Z","created":"2025-02-23T19:18:41Z"}],"created":"2025-02-23T19:18:41Z","updated":"2025-02-27T18:42:49Z"},{"id":7,"title":"b","description":"","identifier":"","hex_color":"7f23ff","parent_project_id":0,"owner":{"id":1,"name":"","username":"sree","created":"2025-02-20T20:36:48Z","updated":"2025-02-20T20:36:48Z"},"is_archived":false,"background_information":null,"background_blur_hash":"","is_favorite":false,"position":458752,"views":[{"id":29,"title":"List","project_id":7,"view_kind":"list","filter":"done = false","position":100,"bucket_configuration_mode":"none","bucket_configuration":null,"default_bucket_id":0,"done_bucket_id":0,"updated":"2025-02-23T19:19:12Z","created":"2025-02-23T19:19:12Z"},{"id":30,"title":"Gantt","project_id":7,"view_kind":"gantt","filter":"","position":200,"bucket_configuration_mode":"none","bucket_configuration":null,"default_bucket_id":0,"done_bucket_id":0,"updated":"2025-02-23T19:19:12Z","created":"2025-02-23T19:19:12Z"},{"id":31,"title":"Table","project_id":7,"view_kind":"table","filter":"","position":300,"bucket_configuration_mode":"none","bucket_configuration":null,"default_bucket_id":0,"done_bucket_id":0,"updated":"2025-02-23T19:19:12Z","created":"2025-02-23T19:19:12Z"},{"id":32,"title":"Kanban","project_id":7,"view_kind":"kanban","filter":"","position":400,"bucket_configuration_mode":"manual","bucket_configuration":null,"default_bucket_id":0,"done_bucket_id":0,"updated":"2025-02-23T19:19:12Z","created":"2025-02-23T19:19:12Z"}],"created":"2025-02-23T19:19:12Z","updated":"2025-02-28T15:11:51Z"},{"id":20,"title":"5","description":"","identifier":"","hex_color":"7f23ff","parent_project_id":0,"owner":{"id":1,"name":"","username":"sree","created":"2025-02-20T20:36:48Z","updated":"2025-02-20T20:36:48Z"},"is_archived":false,"background_information":null,"background_blur_hash":"","is_favorite":false,"position":1310720,"views":[{"id":81,"title":"List","project_id":20,"view_kind":"list","filter":"done = false","position":100,"bucket_configuration_mode":"none","bucket_configuration":null,"default_bucket_id":0,"done_bucket_id":0,"updated":"2025-02-28T18:25:16Z","created":"2025-02-28T18:25:16Z"},{"id":82,"title":"Gantt","project_id":20,"view_kind":"gantt","filter":"","position":200,"bucket_configuration_mode":"none","bucket_configuration":null,"default_bucket_id":0,"done_bucket_id":0,"updated":"2025-02-28T18:25:16Z","created":"2025-02-28T18:25:16Z"},{"id":83,"title":"Table","project_id":20,"view_kind":"table","filter":"","position":300,"bucket_configuration_mode":"none","bucket_configuration":null,"default_bucket_id":0,"done_bucket_id":0,"updated":"2025-02-28T18:25:16Z","created":"2025-02-28T18:25:16Z"},{"id":84,"title":"Kanban","project_id":20,"view_kind":"kanban","filter":"","position":400,"bucket_configuration_mode":"manual","bucket_configuration":null,"default_bucket_id":0,"done_bucket_id":0,"updated":"2025-02-28T18:25:16Z","created":"2025-02-28T18:25:16Z"}],"created":"2025-02-28T18:25:16Z","updated":"2025-02-28T18:25:16Z"},{"id":35,"title":"My Project Title6","description":"","identifier":"","hex_color":"","parent_project_id":0,"owner":{"id":1,"name":"","username":"sree","created":"2025-02-20T20:36:48Z","updated":"2025-02-20T20:36:48Z"},"is_archived":false,"background_information":null,"background_blur_hash":"","is_favorite":false,"position":2293760,"views":[{"id":141,"title":"List","project_id":35,"view_kind":"list","filter":"done = false","position":100,"bucket_configuration_mode":"none","bucket_configuration":null,"default_bucket_id":0,"done_bucket_id":0,"updated":"2025-03-01T19:06:48Z","created":"2025-03-01T19:06:48Z"},{"id":142,"title":"Gantt","project_id":35,"view_kind":"gantt","filter":"","position":200,"bucket_configuration_mode":"none","bucket_configuration":null,"default_bucket_id":0,"done_bucket_id":0,"updated":"2025-03-01T19:06:48Z","created":"2025-03-01T19:06:48Z"},{"id":143,"title":"Table","project_id":35,"view_kind":"table","filter":"","position":300,"bucket_configuration_mode":"none","bucket_configuration":null,"default_bucket_id":0,"done_bucket_id":0,"updated":"2025-03-01T19:06:48Z","created":"2025-03-01T19:06:48Z"},{"id":144,"title":"Kanban","project_id":35,"view_kind":"kanban","filter":"","position":400,"bucket_configuration_mode":"manual","bucket_configuration":null,"default_bucket_id":0,"done_bucket_id":0,"updated":"2025-03-01T19:06:48Z","created":"2025-03-01T19:06:48Z"}],"created":"2025-03-01T19:06:48Z","updated":"2025-03-01T19:06:48Z"},{"id":36,"title":"My Project Title7","description":"","identifier":"","hex_color":"","parent_project_id":0,"owner":{"id":1,"name":"","username":"sree","created":"2025-02-20T20:36:48Z","updated":"2025-02-20T20:36:48Z"},"is_archived":false,"background_information":null,"background_blur_hash":"","is_favorite":false,"position":2359296,"views":[{"id":145,"title":"List","project_id":36,"view_kind":"list","filter":"done = false","position":100,"bucket_configuration_mode":"none","bucket_configuration":null,"default_bucket_id":0,"done_bucket_id":0,"updated":"2025-03-01T19:08:00Z","created":"2025-03-01T19:08:00Z"},{"id":146,"title":"Gantt","project_id":36,"view_kind":"gantt","filter":"","position":200,"bucket_configuration_mode":"none","bucket_configuration":null,"default_bucket_id":0,"done_bucket_id":0,"updated":"2025-03-01T19:08:00Z","created":"2025-03-01T19:08:00Z"},{"id":147,"title":"Table","project_id":36,"view_kind":"table","filter":"","position":300,"bucket_configuration_mode":"none","bucket_configuration":null,"default_bucket_id":0,"done_bucket_id":0,"updated":"2025-03-01T19:08:00Z","created":"2025-03-01T19:08:00Z"},{"id":148,"title":"Kanban","project_id":36,"view_kind":"kanban","filter":"","position":400,"bucket_configuration_mode":"manual","bucket_configuration":null,"default_bucket_id":0,"done_bucket_id":0,"updated":"2025-03-01T19:08:00Z","created":"2025-03-01T19:08:00Z"}],"created":"2025-03-01T19:08:00Z","updated":"2025-03-01T19:08:00Z"},{"id":37,"title":"My Project Title8","description":"","identifier":"","hex_color":"","parent_project_id":0,"owner":{"id":1,"name":"","username":"sree","created":"2025-02-20T20:36:48Z","updated":"2025-02-20T20:36:48Z"},"is_archived":false,"background_information":null,"background_blur_hash":"","is_favorite":false,"position":2424832,"views":[{"id":149,"title":"List","project_id":37,"view_kind":"list","filter":"done = false","position":100,"bucket_configuration_mode":"none","bucket_configuration":null,"default_bucket_id":0,"done_bucket_id":0,"updated":"2025-03-02T02:35:50Z","created":"2025-03-02T02:35:50Z"},{"id":150,"title":"Gantt","project_id":37,"view_kind":"gantt","filter":"","position":200,"bucket_configuration_mode":"none","bucket_configuration":null,"default_bucket_id":0,"done_bucket_id":0,"updated":"2025-03-02T02:35:50Z","created":"2025-03-02T02:35:50Z"},{"id":151,"title":"Table","project_id":37,"view_kind":"table","filter":"","position":300,"bucket_configuration_mode":"none","bucket_configuration":null,"default_bucket_id":0,"done_bucket_id":0,"updated":"2025-03-02T02:35:50Z","created":"2025-03-02T02:35:50Z"},{"id":152,"title":"Kanban","project_id":37,"view_kind":"kanban","filter":"","position":400,"bucket_configuration_mode":"manual","bucket_configuration":null,"default... (set the log level to DEBUG or TRACE to see the full content) 
 </msg>
<msg time="2025-04-03T20:45:18.758649" level="INFO">${response} = &lt;Response [200]&gt;</msg>
<var>${response}</var>
<arg>my_session</arg>
<arg>/api/v1/projects</arg>
<arg>headers=${header}</arg>
<doc>Sends a GET request on a previously created HTTP Session.</doc>
<status status="PASS" start="2025-04-03T20:45:18.646547" elapsed="0.112121"/>
</kw>
<kw name="Log" owner="BuiltIn">
<msg time="2025-04-03T20:45:18.759146" level="INFO">Response Status Code: 200</msg>
<arg>Response Status Code: ${response.status_code}</arg>
<arg>console=True</arg>
<doc>Logs the given message with the given level.</doc>
<status status="PASS" start="2025-04-03T20:45:18.758794" elapsed="0.000665"/>
</kw>
<kw name="Log" owner="BuiltIn">
<msg time="2025-04-03T20:45:18.759913" level="INFO">Response Body: [{"id":1,"title":"Inbox","description":"","identifier":"","hex_color":"","parent_project_id":0,"owner":{"id":1,"name":"","username":"sree","created":"2025-02-20T20:36:48Z","updated":"2025-02-20T20:36:48Z"},"is_archived":false,"background_information":null,"background_blur_hash":"","is_favorite":false,"position":65536,"views":[{"id":1,"title":"List","project_id":1,"view_kind":"list","filter":"done = false","position":100,"bucket_configuration_mode":"none","bucket_configuration":null,"default_bucket_id":0,"done_bucket_id":0,"updated":"2025-02-20T20:36:48Z","created":"2025-02-20T20:36:48Z"},{"id":2,"title":"Gantt","project_id":1,"view_kind":"gantt","filter":"","position":200,"bucket_configuration_mode":"none","bucket_configuration":null,"default_bucket_id":0,"done_bucket_id":0,"updated":"2025-02-20T20:36:48Z","created":"2025-02-20T20:36:48Z"},{"id":3,"title":"Table","project_id":1,"view_kind":"table","filter":"","position":300,"bucket_configuration_mode":"none","bucket_configuration":null,"default_bucket_id":0,"done_bucket_id":0,"updated":"2025-02-20T20:36:48Z","created":"2025-02-20T20:36:48Z"},{"id":4,"title":"Kanban","project_id":1,"view_kind":"kanban","filter":"","position":400,"bucket_configuration_mode":"manual","bucket_configuration":null,"default_bucket_id":0,"done_bucket_id":0,"updated":"2025-02-20T20:36:48Z","created":"2025-02-20T20:36:48Z"}],"created":"2025-02-20T20:36:48Z","updated":"2025-03-27T22:09:17Z"},{"id":6,"title":"a","description":"","identifier":"","hex_color":"1973ff","parent_project_id":0,"owner":{"id":1,"name":"","username":"sree","created":"2025-02-20T20:36:48Z","updated":"2025-02-20T20:36:48Z"},"is_archived":false,"background_information":null,"background_blur_hash":"","is_favorite":false,"position":393216,"views":[{"id":25,"title":"List","project_id":6,"view_kind":"list","filter":"done = false","position":100,"bucket_configuration_mode":"none","bucket_configuration":null,"default_bucket_id":0,"done_bucket_id":0,"updated":"2025-02-23T19:18:41Z","created":"2025-02-23T19:18:41Z"},{"id":26,"title":"Gantt","project_id":6,"view_kind":"gantt","filter":"","position":200,"bucket_configuration_mode":"none","bucket_configuration":null,"default_bucket_id":0,"done_bucket_id":0,"updated":"2025-02-23T19:18:41Z","created":"2025-02-23T19:18:41Z"},{"id":27,"title":"Table","project_id":6,"view_kind":"table","filter":"","position":300,"bucket_configuration_mode":"none","bucket_configuration":null,"default_bucket_id":0,"done_bucket_id":0,"updated":"2025-02-23T19:18:41Z","created":"2025-02-23T19:18:41Z"},{"id":28,"title":"Kanban","project_id":6,"view_kind":"kanban","filter":"","position":400,"bucket_configuration_mode":"manual","bucket_configuration":null,"default_bucket_id":0,"done_bucket_id":0,"updated":"2025-02-23T19:18:41Z","created":"2025-02-23T19:18:41Z"}],"created":"2025-02-23T19:18:41Z","updated":"2025-02-27T18:42:49Z"},{"id":7,"title":"b","description":"","identifier":"","hex_color":"7f23ff","parent_project_id":0,"owner":{"id":1,"name":"","username":"sree","created":"2025-02-20T20:36:48Z","updated":"2025-02-20T20:36:48Z"},"is_archived":false,"background_information":null,"background_blur_hash":"","is_favorite":false,"position":458752,"views":[{"id":29,"title":"List","project_id":7,"view_kind":"list","filter":"done = false","position":100,"bucket_configuration_mode":"none","bucket_configuration":null,"default_bucket_id":0,"done_bucket_id":0,"updated":"2025-02-23T19:19:12Z","created":"2025-02-23T19:19:12Z"},{"id":30,"title":"Gantt","project_id":7,"view_kind":"gantt","filter":"","position":200,"bucket_configuration_mode":"none","bucket_configuration":null,"default_bucket_id":0,"done_bucket_id":0,"updated":"2025-02-23T19:19:12Z","created":"2025-02-23T19:19:12Z"},{"id":31,"title":"Table","project_id":7,"view_kind":"table","filter":"","position":300,"bucket_configuration_mode":"none","bucket_configuration":null,"default_bucket_id":0,"done_bucket_id":0,"updated":"2025-02-23T19:19:12Z","created":"2025-02-23T19:19:12Z"},{"id":32,"title":"Kanban","project_id":7,"view_kind":"kanban","filter":"","position":400,"bucket_configuration_mode":"manual","bucket_configuration":null,"default_bucket_id":0,"done_bucket_id":0,"updated":"2025-02-23T19:19:12Z","created":"2025-02-23T19:19:12Z"}],"created":"2025-02-23T19:19:12Z","updated":"2025-02-28T15:11:51Z"},{"id":20,"title":"5","description":"","identifier":"","hex_color":"7f23ff","parent_project_id":0,"owner":{"id":1,"name":"","username":"sree","created":"2025-02-20T20:36:48Z","updated":"2025-02-20T20:36:48Z"},"is_archived":false,"background_information":null,"background_blur_hash":"","is_favorite":false,"position":1310720,"views":[{"id":81,"title":"List","project_id":20,"view_kind":"list","filter":"done = false","position":100,"bucket_configuration_mode":"none","bucket_configuration":null,"default_bucket_id":0,"done_bucket_id":0,"updated":"2025-02-28T18:25:16Z","created":"2025-02-28T18:25:16Z"},{"id":82,"title":"Gantt","project_id":20,"view_kind":"gantt","filter":"","position":200,"bucket_configuration_mode":"none","bucket_configuration":null,"default_bucket_id":0,"done_bucket_id":0,"updated":"2025-02-28T18:25:16Z","created":"2025-02-28T18:25:16Z"},{"id":83,"title":"Table","project_id":20,"view_kind":"table","filter":"","position":300,"bucket_configuration_mode":"none","bucket_configuration":null,"default_bucket_id":0,"done_bucket_id":0,"updated":"2025-02-28T18:25:16Z","created":"2025-02-28T18:25:16Z"},{"id":84,"title":"Kanban","project_id":20,"view_kind":"kanban","filter":"","position":400,"bucket_configuration_mode":"manual","bucket_configuration":null,"default_bucket_id":0,"done_bucket_id":0,"updated":"2025-02-28T18:25:16Z","created":"2025-02-28T18:25:16Z"}],"created":"2025-02-28T18:25:16Z","updated":"2025-02-28T18:25:16Z"},{"id":35,"title":"My Project Title6","description":"","identifier":"","hex_color":"","parent_project_id":0,"owner":{"id":1,"name":"","username":"sree","created":"2025-02-20T20:36:48Z","updated":"2025-02-20T20:36:48Z"},"is_archived":false,"background_information":null,"background_blur_hash":"","is_favorite":false,"position":2293760,"views":[{"id":141,"title":"List","project_id":35,"view_kind":"list","filter":"done = false","position":100,"bucket_configuration_mode":"none","bucket_configuration":null,"default_bucket_id":0,"done_bucket_id":0,"updated":"2025-03-01T19:06:48Z","created":"2025-03-01T19:06:48Z"},{"id":142,"title":"Gantt","project_id":35,"view_kind":"gantt","filter":"","position":200,"bucket_configuration_mode":"none","bucket_configuration":null,"default_bucket_id":0,"done_bucket_id":0,"updated":"2025-03-01T19:06:48Z","created":"2025-03-01T19:06:48Z"},{"id":143,"title":"Table","project_id":35,"view_kind":"table","filter":"","position":300,"bucket_configuration_mode":"none","bucket_configuration":null,"default_bucket_id":0,"done_bucket_id":0,"updated":"2025-03-01T19:06:48Z","created":"2025-03-01T19:06:48Z"},{"id":144,"title":"Kanban","project_id":35,"view_kind":"kanban","filter":"","position":400,"bucket_configuration_mode":"manual","bucket_configuration":null,"default_bucket_id":0,"done_bucket_id":0,"updated":"2025-03-01T19:06:48Z","created":"2025-03-01T19:06:48Z"}],"created":"2025-03-01T19:06:48Z","updated":"2025-03-01T19:06:48Z"},{"id":36,"title":"My Project Title7","description":"","identifier":"","hex_color":"","parent_project_id":0,"owner":{"id":1,"name":"","username":"sree","created":"2025-02-20T20:36:48Z","updated":"2025-02-20T20:36:48Z"},"is_archived":false,"background_information":null,"background_blur_hash":"","is_favorite":false,"position":2359296,"views":[{"id":145,"title":"List","project_id":36,"view_kind":"list","filter":"done = false","position":100,"bucket_configuration_mode":"none","bucket_configuration":null,"default_bucket_id":0,"done_bucket_id":0,"updated":"2025-03-01T19:08:00Z","created":"2025-03-01T19:08:00Z"},{"id":146,"title":"Gantt","project_id":36,"view_kind":"gantt","filter":"","position":200,"bucket_configuration_mode":"none","bucket_configuration":null,"default_bucket_id":0,"done_bucket_id":0,"updated":"2025-03-01T19:08:00Z","created":"2025-03-01T19:08:00Z"},{"id":147,"title":"Table","project_id":36,"view_kind":"table","filter":"","position":300,"bucket_configuration_mode":"none","bucket_configuration":null,"default_bucket_id":0,"done_bucket_id":0,"updated":"2025-03-01T19:08:00Z","created":"2025-03-01T19:08:00Z"},{"id":148,"title":"Kanban","project_id":36,"view_kind":"kanban","filter":"","position":400,"bucket_configuration_mode":"manual","bucket_configuration":null,"default_bucket_id":0,"done_bucket_id":0,"updated":"2025-03-01T19:08:00Z","created":"2025-03-01T19:08:00Z"}],"created":"2025-03-01T19:08:00Z","updated":"2025-03-01T19:08:00Z"},{"id":37,"title":"My Project Title8","description":"","identifier":"","hex_color":"","parent_project_id":0,"owner":{"id":1,"name":"","username":"sree","created":"2025-02-20T20:36:48Z","updated":"2025-02-20T20:36:48Z"},"is_archived":false,"background_information":null,"background_blur_hash":"","is_favorite":false,"position":2424832,"views":[{"id":149,"title":"List","project_id":37,"view_kind":"list","filter":"done = false","position":100,"bucket_configuration_mode":"none","bucket_configuration":null,"default_bucket_id":0,"done_bucket_id":0,"updated":"2025-03-02T02:35:50Z","created":"2025-03-02T02:35:50Z"},{"id":150,"title":"Gantt","project_id":37,"view_kind":"gantt","filter":"","position":200,"bucket_configuration_mode":"none","bucket_configuration":null,"default_bucket_id":0,"done_bucket_id":0,"updated":"2025-03-02T02:35:50Z","created":"2025-03-02T02:35:50Z"},{"id":151,"title":"Table","project_id":37,"view_kind":"table","filter":"","position":300,"bucket_configuration_mode":"none","bucket_configuration":null,"default_bucket_id":0,"done_bucket_id":0,"updated":"2025-03-02T02:35:50Z","created":"2025-03-02T02:35:50Z"},{"id":152,"title":"Kanban","project_id":37,"view_kind":"kanban","filter":"","position":400,"bucket_configuration_mode":"manual","bucket_configuration":null,"default_bucket_id":0,"done_bucket_id":0,"updated":"2025-03-02T02:35:50Z","created":"2025-03-02T02:35:50Z"}],"created":"2025-03-02T02:35:50Z","updated":"2025-03-02T02:35:50Z"},{"id":48,"title":"ReadyAPIAutomation Project","description":"Sample project description","identifier":"","hex_color":"FF5733","parent_project_id":0,"owner":{"id":1,"name":"","username":"sree","created":"2025-02-20T20:36:48Z","updated":"2025-02-20T20:36:48Z"},"is_archived":false,"background_information":null,"background_blur_hash":"","is_favorite":false,"position":3145728,"views":[{"id":193,"title":"List","project_id":48,"view_kind":"list","filter":"done = false","position":100,"bucket_configuration_mode":"none","bucket_configuration":null,"default_bucket_id":0,"done_bucket_id":0,"updated":"2025-03-09T03:55:56Z","created":"2025-03-09T03:55:56Z"},{"id":194,"title":"Gantt","project_id":48,"view_kind":"gantt","filter":"","position":200,"bucket_configuration_mode":"none","bucket_configuration":null,"default_bucket_id":0,"done_bucket_id":0,"updated":"2025-03-09T03:55:56Z","created":"2025-03-09T03:55:56Z"},{"id":195,"title":"Table","project_id":48,"view_kind":"table","filter":"","position":300,"bucket_configuration_mode":"none","bucket_configuration":null,"default_bucket_id":0,"done_bucket_id":0,"updated":"2025-03-09T03:55:56Z","created":"2025-03-09T03:55:56Z"},{"id":196,"title":"Kanban","project_id":48,"view_kind":"kanban","filter":"","position":400,"bucket_configuration_mode":"manual","bucket_configuration":null,"default_bucket_id":0,"done_bucket_id":0,"updated":"2025-03-09T03:55:56Z","created":"2025-03-09T03:55:56Z"}],"created":"2025-03-09T03:55:56Z","updated":"2025-03-09T03:55:56Z"},{"id":49,"title":"ReadyAPIAutomation Project","description":"Sample project description","identifier":"","hex_color":"FF5733","parent_project_id":0,"owner":{"id":1,"name":"","username":"sree","created":"2025-02-20T20:36:48Z","updated":"2025-02-20T20:36:48Z"},"is_archived":false,"background_information":null,"background_blur_hash":"","is_favorite":false,"position":3211264,"views":[{"id":197,"title":"List","project_id":49,"view_kind":"list","filter":"done = false","position":100,"bucket_configuration_mode":"none","bucket_configuration":null,"default_bucket_id":0,"done_bucket_id":0,"updated":"2025-03-09T04:03:14Z","created":"2025-03-09T04:03:14Z"},{"id":198,"title":"Gantt","project_id":49,"view_kind":"gantt","filter":"","position":200,"bucket_configuration_mode":"none","bucket_configuration":null,"default_bucket_id":0,"done_bucket_id":0,"updated":"2025-03-09T04:03:14Z","created":"2025-03-09T04:03:14Z"},{"id":199,"title":"Table","project_id":49,"view_kind":"table","filter":"","position":300,"bucket_configuration_mode":"none","bucket_configuration":null,"default_bucket_id":0,"done_bucket_id":0,"updated":"2025-03-09T04:03:14Z","created":"2025-03-09T04:03:14Z"},{"id":200,"title":"Kanban","project_id":49,"view_kind":"kanban","filter":"","position":400,"bucket_configuration_mode":"manual","bucket_configuration":null,"default_bucket_id":0,"done_bucket_id":0,"updated":"2025-03-09T04:03:14Z","created":"2025-03-09T04:03:14Z"}],"created":"2025-03-09T04:03:14Z","updated":"2025-03-09T04:03:14Z"},{"id":50,"title":"ReadyAPIAutomation Project","description":"Sample project description","identifier":"","hex_color":"FF5733","parent_project_id":0,"owner":{"id":1,"name":"","username":"sree","created":"2025-02-20T20:36:48Z","updated":"2025-02-20T20:36:48Z"},"is_archived":false,"background_information":null,"background_blur_hash":"","is_favorite":false,"position":3276800,"views":[{"id":201,"title":"List","project_id":50,"view_kind":"list","filter":"done = false","position":100,"bucket_configuration_mode":"none","bucket_configuration":null,"default_bucket_id":0,"done_bucket_id":0,"updated":"2025-03-09T04:08:46Z","created":"2025-03-09T04:08:46Z"},{"id":202,"title":"Gantt","project_id":50,"view_kind":"gantt","filter":"","position":200,"bucket_configuration_mode":"none","bucket_configuration":null,"default_bucket_id":0,"done_bucket_id":0,"updated":"2025-03-09T04:08:46Z","created":"2025-03-09T04:08:46Z"},{"id":203,"title":"Table","project_id":50,"view_kind":"table","filter":"","position":300,"bucket_configuration_mode":"none","bucket_configuration":null,"default_bucket_id":0,"done_bucket_id":0,"updated":"2025-03-09T04:08:46Z","created":"2025-03-09T04:08:46Z"},{"id":204,"title":"Kanban","project_id":50,"view_kind":"kanban","filter":"","position":400,"bucket_configuration_mode":"manual","bucket_configuration":null,"default_bucket_id":0,"done_bucket_id":0,"updated":"2025-03-09T04:08:46Z","created":"2025-03-09T04:08:46Z"}],"created":"2025-03-09T04:08:46Z","updated":"2025-03-09T04:08:46Z"},{"id":65,"title":"Automation Project11","description":"Sample project description","identifier":"","hex_color":"FF5733","parent_project_id":0,"owner":{"id":1,"name":"","username":"sree","created":"2025-02-20T20:36:48Z","updated":"2025-02-20T20:36:48Z"},"is_archived":false,"background_information":null,"background_blur_hash":"","is_favorite":false,"position":4259840,"views":[{"id":261,"title":"List","project_id":65,"view_kind":"list","filter":"done = false","position":100,"bucket_configuration_mode":"none","bucket_configuration":null,"default_bucket_id":0,"done_bucket_id":0,"updated":"2025-03-11T22:10:13Z","created":"2025-03-11T22:10:13Z"},{"id":262,"title":"Gantt","project_id":65,"view_kind":"gantt","filter":"","position":200,"bucket_configuration_mode":"none","bucket_configuration":null,"default_bucket_id":0,"done_bucket_id":0,"updated":"2025-03-11T22:10:13Z","created":"2025-03-11T22:10:13Z"},{"id":263,"title":"Table","project_id":65,"view_kind":"table","filter":"","position":300,"bucket_configuration_mode":"none","bucket_configuration":null,"default_bucket_id":0,"done_bucket_id":0,"updated":"2025-03-11T22:10:13Z","created":"2025-03-11T22:10:13Z"},{"id":264,"title":"Kanban","project_id":65,"view_kind":"kanban","filter":"","position":400,"bucket_configuration_mode":"manual","bucket_configuration":null,"default_bucket_id":0,"done_bucket_id":0,"updated":"2025-03-11T22:10:13Z","created":"2025-03-11T22:10:13Z"}],"created":"2025-03-11T22:10:13Z","updated":"2025-03-11T22:10:13Z"},{"id":67,"title":"QA_Project","description":"","identifier":"","hex_color":"","parent_project_id":0,"owner":{"id":1,"name":"","username":"sree","created":"2025-02-20T20:36:48Z","updated":"2025-02-20T20:36:48Z"},"is_archived":false,"background_information":null,"background_blur_hash":"","is_favorite":false,"position":4390912,"views":[{"id":269,"title":"List","project_id":67,"view_kind":"list","filter":"done = false","position":100,"bucket_configuration_mode":"none","bucket_configuration":null,"default_bucket_id":0,"done_bucket_id":0,"updated":"2025-03-30T16:10:50Z","created":"2025-03-30T16:10:50Z"},{"id":270,"title":"Gantt","project_id":67,"view_kind":"gantt","filter":"","position":200,"bucket_configuration_mode":"none","bucket_configuration":null,"default_bucket_id":0,"done_bucket_id":0,"updated":"2025-03-30T16:10:50Z","created":"2025-03-30T16:10:50Z"},{"id":271,"title":"Table","project_id":67,"view_kind":"table","filter":"","position":300,"bucket_configuration_mode":"none","bucket_configuration":null,"default_bucket_id":0,"done_bucket_id":0,"updated":"2025-03-30T16:10:50Z","created":"2025-03-30T16:10:50Z"},{"id":272,"title":"Kanban","project_id":67,"view_kind":"kanban","filter":"","position":400,"bucket_configuration_mode":"manual","bucket_configuration":null,"default_bucket_id":0,"done_bucket_id":0,"updated":"2025-03-30T16:10:50Z","created":"2025-03-30T16:10:50Z"}],"created":"2025-03-30T16:10:50Z","updated":"2025-03-30T16:10:50Z"},{"id":68,"title":"T","description":"","identifier":"","hex_color":"","parent_project_id":0,"owner":{"id":1,"name":"","username":"sree","created":"2025-02-20T20:36:48Z","updated":"2025-02-20T20:36:48Z"},"is_archived":false,"background_information":null,"background_blur_hash":"","is_favorite":false,"position":4456448,"views":[{"id":273,"title":"List","project_id":68,"view_kind":"list","filter":"done = false","position":100,"bucket_configuration_mode":"none","bucket_configuration":null,"default_bucket_id":0,"done_bucket_id":0,"updated":"2025-03-30T16:11:10Z","created":"2025-03-30T16:11:10Z"},{"id":274,"title":"Gantt","project_id":68,"view_kind":"gantt","filter":"","position":200,"bucket_configuration_mode":"none","bucket_configuration":null,"default_bucket_id":0,"done_bucket_id":0,"updated":"2025-03-30T16:11:10Z","created":"2025-03-30T16:11:10Z"},{"id":275,"title":"Table","project_id":68,"view_kind":"table","filter":"","position":300,"bucket_configuration_mode":"none","bucket_configuration":null,"default_bucket_id":0,"done_bucket_id":0,"updated":"2025-03-30T16:11:10Z","created":"2025-03-30T16:11:10Z"},{"id":276,"title":"Kanban","project_id":68,"view_kind":"kanban","filter":"","position":400,"bucket_configuration_mode":"manual","bucket_configuration":null,"default_bucket_id":0,"done_bucket_id":0,"updated":"2025-03-30T16:11:10Z","created":"2025-03-30T16:11:10Z"}],"created":"2025-03-30T16:11:10Z","updated":"2025-03-30T16:11:10Z"},{"id":69,"title":"QA_Project","description":"","identifier":"","hex_color":"","parent_project_id":0,"owner":{"id":1,"name":"","username":"sree","created":"2025-02-20T20:36:48Z","updated":"2025-02-20T20:36:48Z"},"is_archived":false,"background_information":null,"background_blur_hash":"","is_favorite":false,"position":4521984,"views":[{"id":277,"title":"List","project_id":69,"view_kind":"list","filter":"done = false","position":100,"bucket_configuration_mode":"none","bucket_configuration":null,"default_bucket_id":0,"done_bucket_id":0,"updated":"2025-03-30T16:47:17Z","created":"2025-03-30T16:47:17Z"},{"id":278,"title":"Gantt","project_id":69,"view_kind":"gantt","filter":"","position":200,"bucket_configuration_mode":"none","bucket_configuration":null,"default_bucket_id":0,"done_bucket_id":0,"updated":"2025-03-30T16:47:17Z","created":"2025-03-30T16:47:17Z"},{"id":279,"title":"Table","project_id":69,"view_kind":"table","filter":"","position":300,"bucket_configuration_mode":"none","bucket_configuration":null,"default_bucket_id":0,"done_bucket_id":0,"updated":"2025-03-30T16:47:17Z","created":"2025-03-30T16:47:17Z"},{"id":280,"title":"Kanban","project_id":69,"view_kind":"kanban","filter":"","position":400,"bucket_configuration_mode":"manual","bucket_configuration":null,"default_bucket_id":0,"done_bucket_id":0,"updated":"2025-03-30T16:47:17Z","created":"2025-03-30T16:47:17Z"}],"created":"2025-03-30T16:47:17Z","updated":"2025-03-30T16:47:17Z"},{"id":70,"title":"My Project Title","description":"","identifier":"","hex_color":"","parent_project_id":0,"owner":{"id":1,"name":"","username":"sree","created":"2025-02-20T20:36:48Z","updated":"2025-02-20T20:36:48Z"},"is_archived":false,"background_information":null,"background_blur_hash":"","is_favorite":false,"position":4587520,"views":[{"id":281,"title":"List","project_id":70,"view_kind":"list","filter":"done = false","position":100,"bucket_configuration_mode":"none","bucket_configuration":null,"default_bucket_id":0,"done_bucket_id":0,"updated":"2025-04-01T15:17:41Z","created":"2025-04-01T15:17:41Z"},{"id":282,"title":"Gantt","project_id":70,"view_kind":"gantt","filter":"","position":200,"bucket_configuration_mode":"none","bucket_configuration":null,"default_bucket_id":0,"done_bucket_id":0,"updated":"2025-04-01T15:17:41Z","created":"2025-04-01T15:17:41Z"},{"id":283,"title":"Table","project_id":70,"view_kind":"table","filter":"","position":300,"bucket_configuration_mode":"none","bucket_configuration":null,"default_bucket_id":0,"done_bucket_id":0,"updated":"2025-04-01T15:17:41Z","created":"2025-04-01T15:17:41Z"},{"id":284,"title":"Kanban","project_id":70,"view_kind":"kanban","filter":"","position":400,"bucket_configuration_mode":"manual","bucket_configuration":null,"default_bucket_id":0,"done_bucket_id":0,"updated":"2025-04-01T15:17:41Z","created":"2025-04-01T15:17:41Z"}],"created":"2025-04-01T15:17:41Z","updated":"2025-04-01T15:17:41Z"}]
</msg>
<arg>Response Body: ${response.content}</arg>
<arg>console=True</arg>
<doc>Logs the given message with the given level.</doc>
<status status="PASS" start="2025-04-03T20:45:18.759565" elapsed="0.010832"/>
</kw>
<kw name="Should Be Equal As Strings" owner="BuiltIn">
<msg time="2025-04-03T20:45:18.771018" level="INFO">Argument types are:
&lt;class 'int'&gt;
&lt;class 'str'&gt;</msg>
<arg>${response.status_code}</arg>
<arg>200</arg>
<doc>Fails if objects are unequal after converting them to strings.</doc>
<status status="PASS" start="2025-04-03T20:45:18.770570" elapsed="0.000505"/>
</kw>
<doc>Test to verify all projects user has access to</doc>
<status status="PASS" start="2025-04-03T20:45:18.644943" elapsed="0.126185"/>
</kw>
<status status="PASS" start="2025-04-03T20:45:18.380719" elapsed="0.390637"/>
</test>
<status status="PASS" start="2025-04-03T20:45:18.110006" elapsed="0.661899"/>
</suite>
<statistics>
<total>
<stat pass="1" fail="0" skip="0">All Tests</stat>
</total>
<tag>
</tag>
<suite>
<stat name="Login Test1" id="s1" pass="1" fail="0" skip="0">Login Test1</stat>
</suite>
</statistics>
<errors>
</errors>
</robot>
